c:\users\veritas\documents\visual studio 2012\projects\sadxchaos\sadxchaos\debug\sadxchaos.pch
c:\users\veritas\documents\visual studio 2012\projects\sadxchaos\sadxchaos\debug\vc142.pdb
c:\users\veritas\documents\visual studio 2012\projects\sadxchaos\sadxchaos\debug\vc142.idb
c:\users\veritas\documents\visual studio 2012\projects\sadxchaos\sadxchaos\debug\pch.obj
c:\users\veritas\documents\visual studio 2012\projects\sadxchaos\sadxchaos\debug\dllmain.obj
c:\users\veritas\documents\visual studio 2012\projects\sadxchaos\sadxchaos\debug\chaos.obj
c:\users\veritas\documents\visual studio 2012\projects\sadxchaos\debug\sadxchaos.lib
c:\users\veritas\documents\visual studio 2012\projects\sadxchaos\debug\sadxchaos.exp
c:\users\veritas\documents\visual studio 2012\projects\sadxchaos\sadxchaos\debug\chaos.obj.enc
c:\users\veritas\documents\visual studio 2012\projects\sadxchaos\debug\sadxchaos.pdb
c:\users\veritas\documents\visual studio 2012\projects\sadxchaos\sadxchaos\debug\sadxchaos.tlog\cl.command.1.tlog
c:\users\veritas\documents\visual studio 2012\projects\sadxchaos\sadxchaos\debug\sadxchaos.tlog\cl.read.1.tlog
c:\users\veritas\documents\visual studio 2012\projects\sadxchaos\sadxchaos\debug\sadxchaos.tlog\cl.write.1.tlog
c:\users\veritas\documents\visual studio 2012\projects\sadxchaos\sadxchaos\debug\sadxchaos.tlog\link.10544.read.1.tlog
c:\users\veritas\documents\visual studio 2012\projects\sadxchaos\sadxchaos\debug\sadxchaos.tlog\link.10544.write.1.tlog
c:\users\veritas\documents\visual studio 2012\projects\sadxchaos\sadxchaos\debug\sadxchaos.tlog\link.13572.9700.read.1.tlog
c:\users\veritas\documents\visual studio 2012\projects\sadxchaos\sadxchaos\debug\sadxchaos.tlog\link.13572.9700.write.1.tlog
c:\users\veritas\documents\visual studio 2012\projects\sadxchaos\sadxchaos\debug\sadxchaos.tlog\link.13572.read.1.tlog
c:\users\veritas\documents\visual studio 2012\projects\sadxchaos\sadxchaos\debug\sadxchaos.tlog\link.13572.write.1.tlog
c:\users\veritas\documents\visual studio 2012\projects\sadxchaos\sadxchaos\debug\sadxchaos.tlog\link.15528.read.1.tlog
c:\users\veritas\documents\visual studio 2012\projects\sadxchaos\sadxchaos\debug\sadxchaos.tlog\link.15528.write.1.tlog
c:\users\veritas\documents\visual studio 2012\projects\sadxchaos\sadxchaos\debug\sadxchaos.tlog\link.16372.read.1.tlog
c:\users\veritas\documents\visual studio 2012\projects\sadxchaos\sadxchaos\debug\sadxchaos.tlog\link.16372.write.1.tlog
c:\users\veritas\documents\visual studio 2012\projects\sadxchaos\sadxchaos\debug\sadxchaos.tlog\link.1672.read.1.tlog
c:\users\veritas\documents\visual studio 2012\projects\sadxchaos\sadxchaos\debug\sadxchaos.tlog\link.1672.write.1.tlog
c:\users\veritas\documents\visual studio 2012\projects\sadxchaos\sadxchaos\debug\sadxchaos.tlog\link.command.1.tlog
c:\users\veritas\documents\visual studio 2012\projects\sadxchaos\sadxchaos\debug\sadxchaos.tlog\link.read.1.tlog
c:\users\veritas\documents\visual studio 2012\projects\sadxchaos\sadxchaos\debug\sadxchaos.tlog\link.write.1.tlog
c:\users\veritas\documents\visual studio 2012\projects\sadxchaos\sadxchaos\debug\sadxchaos.tlog\sadxchaos.write.1u.tlog
